GAME:--------------------
02-09-2022 20:32
5
WINNERS--------------------
Player_2
Player_3
Player_1
Player_0
Player_4
LOSERS:--------------------
GAME:--------------------
02-09-2022 20:33
5
WINNERS--------------------
Player_1
Player_2
david
bfbf
LOSERS:--------------------
doni
GAME:--------------------
02-09-2022 20:33
5
WINNERS--------------------
Player_2
Player_4
Player_3
Player_0
Player_1
LOSERS:--------------------
GAME:--------------------
02-09-2022 22:12
5
WINNERS--------------------
Player_0
LOSERS:--------------------
Afeka
Player_1
David_5
Yoni_1
GAME:--------------------
02-09-2022 22:15
1
WINNERS--------------------
LOSERS:--------------------
x
GAME:--------------------
02-09-2022 23:14
5
WINNERS--------------------
Player_1
Player_4
Player_0
Player_2
LOSERS:--------------------
Player_3
GAME:--------------------
02-09-2022 23:14
4
WINNERS--------------------
Player_2
Player_3
adi
LOSERS:--------------------
Player_0
GAME:--------------------
03-09-2022 16:26
2
WINNERS--------------------
PC
LOSERS:--------------------
PC
GAME:--------------------
03-09-2022 16:28
4
WINNERS--------------------
PC
PC
PC
LOSERS:--------------------
meirav
GAME:--------------------
03-09-2022 16:28
3
WINNERS--------------------
PC
PC
PC
LOSERS:--------------------
GAME:--------------------
03-09-2022 16:28
2
WINNERS--------------------
PC
PC
LOSERS:--------------------
GAME:--------------------
03-09-2022 16:32
3
WINNERS--------------------
PC
PC
PC
LOSERS:--------------------
GAME:--------------------
03-09-2022 16:32
1
WINNERS--------------------
PC
LOSERS:--------------------
GAME:--------------------
03-09-2022 18:40
4
WINNERS--------------------
PC
LOSERS:--------------------
PC
PC
PC
GAME:--------------------
03-09-2022 18:46
2
WINNERS--------------------
LOSERS:--------------------
PC
PC
GAME:--------------------
03-09-2022 20:27
1
WINNERS--------------------
LOSERS:--------------------
h
GAME:--------------------
04-09-2022 11:55
2
WINNERS--------------------
LOSERS:--------------------
PC
PC
